bash: pi: No such file or directory
fatal: detected dubious ownership in repository at '/var/apache/portfolio'
To add an exception for this directory, call:

	git config --global --add safe.directory /var/apache/portfolio
fatal: detected dubious ownership in repository at '/var/apache/portfolio'
To add an exception for this directory, call:

	git config --global --add safe.directory /var/apache/portfolio
fatal: detected dubious ownership in repository at '/var/apache/portfolio'
To add an exception for this directory, call:

	git config --global --add safe.directory /var/apache/portfolio
pi
fatal: detected dubious ownership in repository at '/var/apache/portfolio'
To add an exception for this directory, call:

	git config --global --add safe.directory /var/apache/portfolio
pi
fatal: detected dubious ownership in repository at '/var/apache/portfolio'
To add an exception for this directory, call:

	git config --global --add safe.directory /var/apache/portfolio
pi
fatal: $HOME not set
fatal: detected dubious ownership in repository at '/var/apache/portfolio'
To add an exception for this directory, call:

	git config --global --add safe.directory /var/apache/portfolio
pi
fatal: $HOME not set
fatal: detected dubious ownership in repository at '/var/apache/portfolio'
To add an exception for this directory, call:

	git config --global --add safe.directory /var/apache/portfolio
